To honour the JVM settings for this build a single-use Daemon process will be forked. For more on this, please refer to https://docs.gradle.org/9.4.1/userguide/gradle_daemon.html#sec:disabling_the_daemon in the Gradle documentation.
Daemon will be stopped at the end of the build 
> Task :clean
> Task :compileJava
> Task :processResources
> Task :classes
> Task :resolveMainClassName

> Task :bootRun

  .   ____          _            __ _ _
 /\\ / ___'_ __ _ _(_)_ __  __ _ \ \ \ \
( ( )\___ | '_ | '_| | '_ \/ _` | \ \ \ \
 \\/  ___)| |_)| | | | | || (_| |  ) ) ) )
  '  |____| .__|_| |_|_| |_\__, | / / / /
 =========|_|==============|___/=/_/_/_/

 :: Spring Boot ::                (v3.4.3)

2026-05-02T01:22:36.193+06:00  INFO 4567 --- [text-to-sql] [  restartedMain] com.ai.texttosql.TextToSqlApplication    : Starting TextToSqlApplication using Java 21.0.10 with PID 4567 (/Users/priankasaha/Desktop/text-to-sql/build/classes/java/main started by priankasaha in /Users/priankasaha/Desktop/text-to-sql)
2026-05-02T01:22:36.194+06:00  INFO 4567 --- [text-to-sql] [  restartedMain] com.ai.texttosql.TextToSqlApplication    : No active profile set, falling back to 1 default profile: "default"
2026-05-02T01:22:36.210+06:00  INFO 4567 --- [text-to-sql] [  restartedMain] .e.DevToolsPropertyDefaultsPostProcessor : Devtools property defaults active! Set 'spring.devtools.add-properties' to 'false' to disable
2026-05-02T01:22:36.210+06:00  INFO 4567 --- [text-to-sql] [  restartedMain] .e.DevToolsPropertyDefaultsPostProcessor : For additional web related logging consider setting the 'logging.level.web' property to 'DEBUG'
2026-05-02T01:22:36.485+06:00  INFO 4567 --- [text-to-sql] [  restartedMain] .s.d.r.c.RepositoryConfigurationDelegate : Bootstrapping Spring Data JDBC repositories in DEFAULT mode.
2026-05-02T01:22:36.492+06:00  INFO 4567 --- [text-to-sql] [  restartedMain] .s.d.r.c.RepositoryConfigurationDelegate : Finished Spring Data repository scanning in 4 ms. Found 0 JDBC repository interfaces.
2026-05-02T01:22:36.716+06:00  INFO 4567 --- [text-to-sql] [  restartedMain] o.s.b.w.embedded.tomcat.TomcatWebServer  : Tomcat initialized with port 8080 (http)
2026-05-02T01:22:36.723+06:00  INFO 4567 --- [text-to-sql] [  restartedMain] o.apache.catalina.core.StandardService   : Starting service [Tomcat]
2026-05-02T01:22:36.723+06:00  INFO 4567 --- [text-to-sql] [  restartedMain] o.apache.catalina.core.StandardEngine    : Starting Servlet engine: [Apache Tomcat/10.1.36]
2026-05-02T01:22:36.741+06:00  INFO 4567 --- [text-to-sql] [  restartedMain] o.a.c.c.C.[Tomcat].[localhost].[/]       : Initializing Spring embedded WebApplicationContext
2026-05-02T01:22:36.741+06:00  INFO 4567 --- [text-to-sql] [  restartedMain] w.s.c.ServletWebServerApplicationContext : Root WebApplicationContext: initialization completed in 531 ms
2026-05-02T01:22:37.042+06:00  INFO 4567 --- [text-to-sql] [  restartedMain] com.zaxxer.hikari.HikariDataSource       : HikariPool-1 - Starting...
2026-05-02T01:22:37.117+06:00  INFO 4567 --- [text-to-sql] [  restartedMain] com.zaxxer.hikari.pool.HikariPool        : HikariPool-1 - Added connection conn0: url=jdbc:h2:mem:testdb user=SA
2026-05-02T01:22:37.118+06:00  INFO 4567 --- [text-to-sql] [  restartedMain] com.zaxxer.hikari.HikariDataSource       : HikariPool-1 - Start completed.
2026-05-02T01:22:37.157+06:00  INFO 4567 --- [text-to-sql] [  restartedMain] o.s.b.a.h2.H2ConsoleAutoConfiguration    : H2 console available at '/h2-console'. Database available at 'jdbc:h2:mem:testdb'
2026-05-02T01:22:37.173+06:00  INFO 4567 --- [text-to-sql] [  restartedMain] o.s.b.d.a.OptionalLiveReloadServer       : LiveReload server is running on port 35729
2026-05-02T01:22:37.182+06:00  INFO 4567 --- [text-to-sql] [  restartedMain] o.s.b.w.embedded.tomcat.TomcatWebServer  : Tomcat started on port 8080 (http) with context path '/'
2026-05-02T01:22:37.186+06:00  INFO 4567 --- [text-to-sql] [  restartedMain] com.ai.texttosql.TextToSqlApplication    : Started TextToSqlApplication in 1.13 seconds (process running for 1.304)
